<?xml version="1.0" encoding="UTF-8"?>
<!-- Generated by org.testng.reporters.JUnitReportReporter -->
<testsuite hostname="INLEN8520028909" failures="0" tests="6" name="runners.TestRunner" time="401.566" errors="0" timestamp="2023-02-27T10:51:41 IST" skipped="0">
  <testcase classname="runners.TestRunner" name="runScenario" time="65.062"/>
  <system-out/>
  <testcase classname="runners.TestRunner" name="runScenario" time="68.776"/>
  <system-out/>
  <testcase classname="runners.TestRunner" name="runScenario" time="62.233"/>
  <system-out/>
  <testcase classname="runners.TestRunner" name="runScenario" time="68.640"/>
  <system-out/>
  <testcase classname="runners.TestRunner" name="runScenario" time="70.513"/>
  <system-out/>
  <testcase classname="runners.TestRunner" name="runScenario" time="66.342"/>
  <system-out/>
</testsuite> <!-- runners.TestRunner -->
