<?xml version="1.0" encoding="UTF-8"?>
<!-- Generated by org.testng.reporters.JUnitReportReporter -->
<testsuite hostname="INLEN8520028909" failures="0" tests="6" name="runners.TestRunner" time="528.545" errors="0" timestamp="2023-02-27T09:31:52 IST" skipped="0">
  <testcase classname="runners.TestRunner" name="runScenario" time="88.681"/>
  <system-out/>
  <testcase classname="runners.TestRunner" name="runScenario" time="88.243"/>
  <system-out/>
  <testcase classname="runners.TestRunner" name="runScenario" time="88.613"/>
  <system-out/>
  <testcase classname="runners.TestRunner" name="runScenario" time="90.279"/>
  <system-out/>
  <testcase classname="runners.TestRunner" name="runScenario" time="84.347"/>
  <system-out/>
  <testcase classname="runners.TestRunner" name="runScenario" time="88.382"/>
  <system-out/>
</testsuite> <!-- runners.TestRunner -->
